#
# A fatal error has been detected by the Java Runtime Environment:
#
#  EXCEPTION_ACCESS_VIOLATION (0xc0000005) at pc=0x000000005a7de465, pid=8376, tid=1892
#
# JRE version: Java(TM) SE Runtime Environment (7.0_71-b14) (build 1.7.0_71-b14)
# Java VM: Java HotSpot(TM) 64-Bit Server VM (24.71-b01 mixed mode windows-amd64 compressed oops)
# Problematic frame:
# V  [jvm.dll+0x49e465]
#
# Failed to write core dump. Minidumps are not enabled by default on client versions of Windows
#
# If you would like to submit a bug report, please visit:
#   http://bugreport.sun.com/bugreport/crash.jsp
#

---------------  T H R E A D  ---------------

Current thread (0x0000000008057000):  JavaThread "C2 CompilerThread1" daemon [_thread_in_native, id=1892, stack(0x00000000096c0000,0x00000000097c0000)]

siginfo: ExceptionCode=0xc0000005, reading address 0x0000000000000070

Registers:
RAX=0x0000000000000000, RBX=0x0000000009cc10c8, RCX=0x0000000009d93880, RDX=0x0000000000000000
RSP=0x00000000097bc710, RBP=0x0000000009d93880, RSI=0x0000000000000018, RDI=0x0000000009b26fc8
R8 =0x0000000009d93880, R9 =0x0000000000010290, R10=0x0000000000000755, R11=0x0000000000000018
R12=0x0000000009c2b520, R13=0x00000000097bccc0, R14=0x0000000009c2b560, R15=0x0000000000000000
RIP=0x000000005a7de465, EFLAGS=0x0000000000010216

Top of Stack: (sp=0x00000000097bc710)
0x00000000097bc710:   0000000009b26fc8 0000000009cc10c8
0x00000000097bc720:   00000000000000d2 000000005a7ddecc
0x00000000097bc730:   0000000009da2370 0000000009c2b560
0x00000000097bc740:   0000000009c2b520 0000000009ae1e60
0x00000000097bc750:   00000000000000d2 000000000000024f
0x00000000097bc760:   0000000000000018 0000000009d93880
0x00000000097bc770:   0000000000000002 0000000009c2b560
0x00000000097bc780:   0000000009c2b520 0000000009cc10c8
0x00000000097bc790:   00000000097bccc0 0000000000000000
0x00000000097bc7a0:   0000000009da2370 00000000097bc8c0
0x00000000097bc7b0:   0000000000000018 000000005a7df894
0x00000000097bc7c0:   00000000097bccc0 0000000009cc10c8
0x00000000097bc7d0:   0000000000000018 0000000009da2370
0x00000000097bc7e0:   0000000009c2b560 0000000009c2b520
0x00000000097bc7f0:   0000000000000001 00000000ffffffff
0x00000000097bc800:   0000000009da2370 0000000009c2b520 

Instructions: (pc=0x000000005a7de465)
0x000000005a7de445:   44 24 58 eb 05 48 8b 74 24 50 48 3b ef 75 0a e9
0x000000005a7de455:   2c 03 00 00 48 8b 74 24 50 48 8b 45 00 48 8b cd
0x000000005a7de465:   ff 50 70 8b c8 e8 41 1d 00 00 8b 55 28 49 8b 8d
0x000000005a7de475:   d0 00 00 00 44 8b 04 91 49 8b 4d 78 4d 8b ce 48 


Register to memory mapping:

RAX=0x0000000000000000 is an unknown value
RBX=0x0000000009cc10c8 is an unknown value
RCX=0x0000000009d93880 is an unknown value
RDX=0x0000000000000000 is an unknown value
RSP=0x00000000097bc710 is pointing into the stack for thread: 0x0000000008057000
RBP=0x0000000009d93880 is an unknown value
RSI=0x0000000000000018 is an unknown value
RDI=0x0000000009b26fc8 is an unknown value
R8 =0x0000000009d93880 is an unknown value
R9 =0x0000000000010290 is an unknown value
R10=0x0000000000000755 is an unknown value
R11=0x0000000000000018 is an unknown value
R12=0x0000000009c2b520 is an unknown value
R13=0x00000000097bccc0 is pointing into the stack for thread: 0x0000000008057000
R14=0x0000000009c2b560 is an unknown value
R15=0x0000000000000000 is an unknown value


Stack: [0x00000000096c0000,0x00000000097c0000],  sp=0x00000000097bc710,  free space=1009k
Native frames: (J=compiled Java code, j=interpreted, Vv=VM code, C=native code)
V  [jvm.dll+0x49e465]


Current CompileTask:
C2:   5711   87             com.android.dx.rop.code.RopMethod::calcPredecessors (227 bytes)


---------------  P R O C E S S  ---------------

Java Threads: ( => current thread )
  0x0000000009b03000 JavaThread "pool-2-thread-4" [_thread_blocked, id=8268, stack(0x000000000a1c0000,0x000000000a2c0000)]
  0x0000000009b02000 JavaThread "pool-2-thread-3" [_thread_in_Java, id=7984, stack(0x000000000a0c0000,0x000000000a1c0000)]
  0x0000000009b01800 JavaThread "pool-2-thread-2" [_thread_in_Java, id=4456, stack(0x0000000009fc0000,0x000000000a0c0000)]
  0x0000000009b00800 JavaThread "pool-3-thread-1" [_thread_blocked, id=852, stack(0x0000000009ec0000,0x0000000009fc0000)]
  0x0000000009a52800 JavaThread "pool-2-thread-1" [_thread_in_Java, id=10620, stack(0x0000000009dc0000,0x0000000009ec0000)]
  0x000000000805a000 JavaThread "Service Thread" daemon [_thread_blocked, id=3092, stack(0x00000000097c0000,0x00000000098c0000)]
=>0x0000000008057000 JavaThread "C2 CompilerThread1" daemon [_thread_in_native, id=1892, stack(0x00000000096c0000,0x00000000097c0000)]
  0x0000000008054000 JavaThread "C2 CompilerThread0" daemon [_thread_blocked, id=11816, stack(0x00000000095c0000,0x00000000096c0000)]
  0x0000000008053000 JavaThread "Attach Listener" daemon [_thread_blocked, id=3252, stack(0x00000000094c0000,0x00000000095c0000)]
  0x0000000008050000 JavaThread "Signal Dispatcher" daemon [_thread_blocked, id=8948, stack(0x00000000093c0000,0x00000000094c0000)]
  0x0000000008019800 JavaThread "Finalizer" daemon [_thread_blocked, id=13552, stack(0x00000000092c0000,0x00000000093c0000)]
  0x0000000008016000 JavaThread "Reference Handler" daemon [_thread_blocked, id=9056, stack(0x00000000091c0000,0x00000000092c0000)]
  0x0000000001e5e000 JavaThread "main" [_thread_in_Java, id=12124, stack(0x0000000001f30000,0x0000000002030000)]

Other Threads:
  0x0000000008012000 VMThread [stack: 0x00000000090c0000,0x00000000091c0000] [id=5640]
  0x0000000008060800 WatcherThread [stack: 0x00000000098c0000,0x00000000099c0000] [id=14056]

VM state:not at safepoint (normal execution)

VM Mutex/Monitor currently owned by a thread: None

Heap
 PSYoungGen      total 38400K, used 18277K [0x00000000eaa80000, 0x00000000ed500000, 0x0000000100000000)
  eden space 33280K, 54% used [0x00000000eaa80000,0x00000000ebc59678,0x00000000ecb00000)
  from space 5120K, 0% used [0x00000000ed000000,0x00000000ed000000,0x00000000ed500000)
  to   space 5120K, 0% used [0x00000000ecb00000,0x00000000ecb00000,0x00000000ed000000)
 ParOldGen       total 86016K, used 0K [0x00000000c0000000, 0x00000000c5400000, 0x00000000eaa80000)
  object space 86016K, 0% used [0x00000000c0000000,0x00000000c0000000,0x00000000c5400000)
 PSPermGen       total 21504K, used 5613K [0x00000000bae00000, 0x00000000bc300000, 0x00000000c0000000)
  object space 21504K, 26% used [0x00000000bae00000,0x00000000bb37b780,0x00000000bc300000)

Card table byte_map: [0x0000000005230000,0x0000000005460000] byte_map_base: 0x0000000004c59000

Polling page: 0x0000000001e20000

Code Cache  [0x0000000002230000, 0x00000000024a0000, 0x0000000005230000)
 total_blobs=334 nmethods=97 adapters=189 free_code_cache=48603Kb largest_free_block=49749568

Compilation events (10 events):
Event: 5.624 Thread 0x0000000008054000 nmethod 90 0x00000000022ab790 code [0x00000000022ab8e0, 0x00000000022ab998]
Event: 5.624 Thread 0x0000000008054000   91             java.util.ArrayList::isEmpty (13 bytes)
Event: 5.625 Thread 0x0000000008054000 nmethod 91 0x00000000022ab590 code [0x00000000022ab6c0, 0x00000000022ab718]
Event: 5.625 Thread 0x0000000008054000   92             com.android.dx.ssa.SsaMethod::getBlocks (5 bytes)
Event: 5.625 Thread 0x0000000008054000 nmethod 92 0x00000000022b3b10 code [0x00000000022b3c40, 0x00000000022b3c98]
Event: 5.625 Thread 0x0000000008054000   93             com.android.dx.rop.type.Type::hashCode (8 bytes)
Event: 5.628 Thread 0x0000000008054000 nmethod 93 0x00000000022b3790 code [0x00000000022b38c0, 0x00000000022b3a38]
Event: 5.628 Thread 0x0000000008054000   94             com.android.dx.ssa.SsaBasicBlock::isReachable (29 bytes)
Event: 5.629 Thread 0x0000000008054000 nmethod 94 0x00000000022b34d0 code [0x00000000022b3620, 0x00000000022b36c8]
Event: 5.629 Thread 0x0000000008054000   95             com.android.dx.ssa.SsaMethod::forEachInsn (36 bytes)

GC Heap History (0 events):
No events

Deoptimization events (3 events):
Event: 5.236 Thread 0x0000000009b02000 Uncommon trap: reason=class_check action=maybe_recompile pc=0x00000000022a9340 method=com.android.dx.ssa.NormalSsaInsn.accept(Lcom/android/dx/ssa/SsaInsn$Visitor;)V @ 9
Event: 5.579 Thread 0x0000000009b02000 Uncommon trap: reason=null_check action=make_not_entrant pc=0x00000000022b4468 method=com.android.dx.rop.code.LocalItem.equals(Ljava/lang/Object;)Z @ 1
Event: 5.593 Thread 0x0000000001e5e000 Uncommon trap: reason=class_check action=maybe_recompile pc=0x00000000022a9340 method=com.android.dx.ssa.NormalSsaInsn.accept(Lcom/android/dx/ssa/SsaInsn$Visitor;)V @ 9

Internal exceptions (10 events):
Event: 4.517 Thread 0x0000000001e5e000 Threw 0x00000000eb5fd948 at C:\re\jdk7u71\1605\hotspot\src\share\vm\prims\jvm.cpp:1281
Event: 4.519 Thread 0x0000000001e5e000 Threw 0x00000000eb601d58 at C:\re\jdk7u71\1605\hotspot\src\share\vm\prims\jvm.cpp:1281
Event: 4.521 Thread 0x0000000001e5e000 Threw 0x00000000eb6074b8 at C:\re\jdk7u71\1605\hotspot\src\share\vm\prims\jvm.cpp:1281
Event: 4.606 Thread 0x0000000001e5e000 Threw 0x00000000eb60fea0 at C:\re\jdk7u71\1605\hotspot\src\share\vm\prims\jvm.cpp:1281
Event: 4.685 Thread 0x0000000009a52800 Threw 0x00000000eb1dada0 at C:\re\jdk7u71\1605\hotspot\src\share\vm\prims\jvm.cpp:1281
Event: 4.687 Thread 0x0000000009a52800 Threw 0x00000000eb1df8f8 at C:\re\jdk7u71\1605\hotspot\src\share\vm\prims\jvm.cpp:1281
Event: 4.690 Thread 0x0000000001e5e000 Threw 0x00000000eb617c40 at C:\re\jdk7u71\1605\hotspot\src\share\vm\prims\jvm.cpp:1281
Event: 4.696 Thread 0x0000000001e5e000 Threw 0x00000000eb6238f0 at C:\re\jdk7u71\1605\hotspot\src\share\vm\prims\jvm.cpp:1281
Event: 4.712 Thread 0x0000000009a52800 Threw 0x00000000eb215d08 at C:\re\jdk7u71\1605\hotspot\src\share\vm\prims\jvm.cpp:1281
Event: 5.579 Thread 0x0000000009b02000 Implicit null exception at 0x00000000022b4075 to 0x00000000022b4451

Events (10 events):
Event: 5.236 Thread 0x0000000009b02000 DEOPT PACKING pc=0x00000000022a9340 sp=0x000000000a1bee00
Event: 5.236 Thread 0x0000000009b02000 DEOPT UNPACKING pc=0x00000000022675a4 sp=0x000000000a1bed50 mode 2
Event: 5.579 Thread 0x0000000009b02000 Uncommon trap: trap_request=0xfffffff4 fr.pc=0x00000000022b4468
Event: 5.579 Thread 0x0000000009b02000 DEOPT PACKING pc=0x00000000022b4468 sp=0x000000000a1bed30
Event: 5.579 Thread 0x0000000009b02000 DEOPT UNPACKING pc=0x00000000022675a4 sp=0x000000000a1bec80 mode 2
Event: 5.586 loading class 0x00000000021a7470
Event: 5.586 loading class 0x00000000021a7470 done
Event: 5.593 Thread 0x0000000001e5e000 Uncommon trap: trap_request=0xffffffde fr.pc=0x00000000022a9340
Event: 5.593 Thread 0x0000000001e5e000 DEOPT PACKING pc=0x00000000022a9340 sp=0x000000000202e2f0
Event: 5.593 Thread 0x0000000001e5e000 DEOPT UNPACKING pc=0x00000000022675a4 sp=0x000000000202e240 mode 2


Dynamic libraries:
0x00007ff689e90000 - 0x00007ff689ec3000 	C:\Program Files\Java\jdk1.7.0_71\bin\java.exe
0x00007ff907810000 - 0x00007ff9079d1000 	C:\WINDOWS\SYSTEM32\ntdll.dll
0x00007ff906710000 - 0x00007ff9067bd000 	C:\WINDOWS\system32\KERNEL32.DLL
0x00007ff904900000 - 0x00007ff904ae8000 	C:\WINDOWS\system32\KERNELBASE.dll
0x00007ff906170000 - 0x00007ff906217000 	C:\WINDOWS\system32\ADVAPI32.dll
0x00007ff906920000 - 0x00007ff9069bd000 	C:\WINDOWS\system32\msvcrt.dll
0x00007ff906220000 - 0x00007ff90627b000 	C:\WINDOWS\system32\sechost.dll
0x00007ff907440000 - 0x00007ff90755c000 	C:\WINDOWS\system32\RPCRT4.dll
0x00007ff906340000 - 0x00007ff906496000 	C:\WINDOWS\system32\USER32.dll
0x00007ff9064a0000 - 0x00007ff906626000 	C:\WINDOWS\system32\GDI32.dll
0x00007ff8ec430000 - 0x00007ff8ec6a4000 	C:\WINDOWS\WinSxS\amd64_microsoft.windows.common-controls_6595b64144ccf1df_6.0.10586.0_none_8c15ae12515e1c22\COMCTL32.dll
0x00007ff907560000 - 0x00007ff9077dd000 	C:\WINDOWS\system32\combase.dll
0x00007ff903ec0000 - 0x00007ff903f2a000 	C:\WINDOWS\system32\bcryptPrimitives.dll
0x00007ff906bf0000 - 0x00007ff906c2b000 	C:\WINDOWS\system32\IMM32.DLL
0x000000005ab20000 - 0x000000005abf2000 	C:\Program Files\Java\jdk1.7.0_71\jre\bin\msvcr100.dll
0x000000005a340000 - 0x000000005ab13000 	C:\Program Files\Java\jdk1.7.0_71\jre\bin\server\jvm.dll
0x00007ff9067c0000 - 0x00007ff9067c8000 	C:\WINDOWS\system32\PSAPI.DLL
0x00007ff8f5960000 - 0x00007ff8f5969000 	C:\WINDOWS\SYSTEM32\WSOCK32.dll
0x00007ff906630000 - 0x00007ff90669b000 	C:\WINDOWS\system32\WS2_32.dll
0x00007ff902170000 - 0x00007ff902193000 	C:\WINDOWS\SYSTEM32\WINMM.dll
0x00007ff902140000 - 0x00007ff90216c000 	C:\WINDOWS\SYSTEM32\WINMMBASE.dll
0x00007ff904800000 - 0x00007ff904843000 	C:\WINDOWS\system32\cfgmgr32.dll
0x000000005a330000 - 0x000000005a33f000 	C:\Program Files\Java\jdk1.7.0_71\jre\bin\verify.dll
0x000000005a300000 - 0x000000005a328000 	C:\Program Files\Java\jdk1.7.0_71\jre\bin\java.dll
0x000000005a2e0000 - 0x000000005a2f5000 	C:\Program Files\Java\jdk1.7.0_71\jre\bin\zip.dll
0x000000005a2c0000 - 0x000000005a2d9000 	C:\Program Files\Java\jdk1.7.0_71\jre\bin\net.dll
0x00007ff903700000 - 0x00007ff90375c000 	C:\WINDOWS\system32\mswsock.dll
0x000000005a2a0000 - 0x000000005a2b1000 	C:\Program Files\Java\jdk1.7.0_71\jre\bin\nio.dll
0x00007ff8d26f0000 - 0x00007ff8d287c000 	C:\WINDOWS\SYSTEM32\dbghelp.dll

VM Arguments:
jvm_args: -Djava.awt.headless=true -Xmx1024M -Dfile.encoding=windows-1252 -Duser.country=US -Duser.language=en -Duser.variant 
java_command: com.android.dx.command.Main --dex --force-jumbo --num-threads=4 --multi-dex --output C:\Users\Dhruv Thakkar\Google Drive\Android_Projects\MoneyManagement\app\build\intermediates\transforms\dex\debug\folders\1000\10\com.google.android.gms-play-services-cast-8.4.0_ea5a0902b0e102fdce47d055d1b790fb02840477 C:\Users\Dhruv Thakkar\Google Drive\Android_Projects\MoneyManagement\app\build\intermediates\exploded-aar\com.google.android.gms\play-services-cast\8.4.0\jars\classes.jar
Launcher Type: SUN_STANDARD

Environment Variables:
PATH=C:\ProgramData\Oracle\Java\javapath;C:\Program Files (x86)\Intel\iCLS Client\;C:\Program Files\Intel\iCLS Client\;C:\WINDOWS\system32;C:\WINDOWS;C:\WINDOWS\System32\Wbem;C:\WINDOWS\System32\WindowsPowerShell\v1.0\;C:\Program Files\Intel\Intel(R) Management Engine Components\DAL;C:\Program Files\Intel\Intel(R) Management Engine Components\IPT;C:\Program Files (x86)\Intel\Intel(R) Management Engine Components\DAL;C:\Program Files (x86)\Intel\Intel(R) Management Engine Components\IPT;C:\Program Files\Microsoft SQL Server\110\Tools\Binn\;C:\Program Files (x86)\Windows Kits\8.1\Windows Performance Toolkit\;C:\Program Files (x86)\Microsoft SDKs\TypeScript\1.0\;C:\selenium\selenium-2.44.0\;C:\selenium\selenium-2.44.0\libs;C:\Program Files\Java\jdk1.8.0_25\bin;C:\Program Files (x86)\WinSCP\;C:\Dhruv\Softwares\adt\adt-bundle-windows-x86_64-20140702\sdk\platform-tools;C:\Program Files\Calibre2\;C:\Program Files\Microsoft SQL Server\Client SDK\ODBC\110\Tools\Binn\;C:\Program Files (x86)\Microsoft SQL Server\120\Tools\Binn\ManagementStudio\;C:\Program Files (x86)\Microsoft SQL Server\120\Tools\Binn\;C:\Program Files\Microsoft SQL Server\120\Tools\Binn\;C:\Program Files (x86)\Microsoft SQL Server\120\DTS\Binn\;C:\Python\install;C:\Python\install\Scripts;C:\Python\install\lib\site-packages;C:\Program Files\Microsoft SQL Server\120\DTS\Binn\;C:\Program Files (x86)\Brackets\command;C:\Program Files\Git\cmd
USERNAME=Dhruv Thakkar
OS=Windows_NT
PROCESSOR_IDENTIFIER=Intel64 Family 6 Model 69 Stepping 1, GenuineIntel



---------------  S Y S T E M  ---------------

OS: Windows 8.1 , 64 bit Build 9600 

CPU:total 4 (2 cores per cpu, 2 threads per core) family 6 model 69 stepping 1, cmov, cx8, fxsr, mmx, sse, sse2, sse3, ssse3, sse4.1, sse4.2, popcnt, avx, avx2, aes, erms, ht, tsc, tscinvbit

Memory: 4k page, physical 8294408k(1170736k free), swap 14011428k(1973416k free)

vm_info: Java HotSpot(TM) 64-Bit Server VM (24.71-b01) for windows-amd64 JRE (1.7.0_71-b14), built on Sep 26 2014 16:16:12 by "java_re" with unknown MS VC++:1600

time: Wed Apr 13 22:31:06 2016
elapsed time: 5 seconds

